  Scanning sources for module dependencies...
  main.cpp
C:\Users\Parker\Documents\GitHub\NGT\NGTScript\sdl\SDL_messagebox.h(45,1): warning C4091: 'typedef ': ignored on left of '<unnamed-enum-SDL_MESSAGEBOX_ERROR>' when no variable is declared
  (compiling source file 'main.cpp')
  
C:\Users\Parker\Documents\GitHub\NGT\NGTScript\main.cpp(42,68): warning C4267: 'argument': conversion from 'size_t' to 'DWORD', possible loss of data
C:\Users\Parker\Documents\GitHub\NGT\NGTScript\main.cpp(55,68): warning C4267: 'argument': conversion from 'size_t' to 'DWORD', possible loss of data
C:\Users\Parker\Documents\GitHub\NGT\NGTScript\main.cpp(215,24): warning C4244: 'initializing': conversion from 'std::streamoff' to 'long', possible loss of data
C:\Users\Parker\Documents\GitHub\NGT\NGTScript\main.cpp(289,28): warning C4244: 'initializing': conversion from 'std::streamoff' to 'long', possible loss of data
C:\Users\Parker\Documents\GitHub\NGT\NGTScript\main.cpp(293,38): warning C4267: '=': conversion from 'size_t' to 'asUINT', possible loss of data
C:\Users\Parker\Documents\GitHub\NGT\NGTScript\main.cpp(423,36): warning C4244: 'initializing': conversion from 'std::streamoff' to 'long', possible loss of data
C:\Program Files\Microsoft Visual Studio\2022\Community\VC\Tools\MSVC\14.39.33519\include\xutility(4537,18): warning C4244: '=': conversion from 'wchar_t' to 'char', possible loss of data
  (compiling source file 'main.cpp')
  C:\Program Files\Microsoft Visual Studio\2022\Community\VC\Tools\MSVC\14.39.33519\include\xutility(4537,18):
  the template instantiation context (the oldest one first) is
  	C:\Users\Parker\Documents\GitHub\NGT\NGTScript\main.cpp(48,23):
  	see reference to function template instantiation 'std::basic_string<char,std::char_traits<char>,std::allocator<char>>::basic_string<std::_String_iterator<std::_String_val<std::_Simple_types<_Elem>>>,0>(_Iter,_Iter,const _Alloc &)' being compiled
          with
          [
              _Elem=wchar_t,
              _Iter=std::_String_iterator<std::_String_val<std::_Simple_types<wchar_t>>>,
              _Alloc=std::allocator<char>
          ]
  		C:\Users\Parker\Documents\GitHub\NGT\NGTScript\main.cpp(48,5):
  		see the first reference to 'std::basic_string<char,std::char_traits<char>,std::allocator<char>>::basic_string' in 'get_exe'
  	C:\Program Files\Microsoft Visual Studio\2022\Community\VC\Tools\MSVC\14.39.33519\include\xstring(2600,17):
  	see reference to function template instantiation 'void std::basic_string<char,std::char_traits<char>,std::allocator<char>>::_Construct_from_iter<wchar_t*,wchar_t*,_Size_type>(_Iter,const _Sent,_Size)' being compiled
          with
          [
              _Size_type=unsigned __int64,
              _Iter=wchar_t *,
              _Sent=wchar_t *,
              _Size=unsigned __int64
          ]
  	C:\Program Files\Microsoft Visual Studio\2022\Community\VC\Tools\MSVC\14.39.33519\include\xstring(2756,18):
  	see reference to function template instantiation '_OutIt *std::_Copy_n_unchecked4<wchar_t*,_Size,char*>(_InIt,_SizeTy,_OutIt)' being compiled
          with
          [
              _OutIt=char *,
              _Size=unsigned __int64,
              _InIt=wchar_t *,
              _SizeTy=unsigned __int64
          ]
  
  ngt.cpp
C:\Users\Parker\Documents\GitHub\NGT\NGTScript\sdl\SDL_messagebox.h(45,1): warning C4091: 'typedef ': ignored on left of '<unnamed-enum-SDL_MESSAGEBOX_ERROR>' when no variable is declared
  (compiling source file 'ngt.cpp')
  
C:\Users\Parker\Documents\GitHub\NGT\NGTScript\ngt.cpp(174,31): warning C4553: '==': result of expression not used; did you intend '='?
C:\Users\Parker\Documents\GitHub\NGT\NGTScript\ngt.cpp(176,31): warning C4553: '==': result of expression not used; did you intend '='?
C:\Users\Parker\Documents\GitHub\NGT\NGTScript\ngt.cpp(424,38): warning C4244: '=': conversion from 'uint64_t' to 'int', possible loss of data
C:\Users\Parker\Documents\GitHub\NGT\NGTScript\ngt.cpp(781,150): warning C4267: 'argument': conversion from 'size_t' to 'int', possible loss of data
C:\Users\Parker\Documents\GitHub\NGT\NGTScript\ngt.cpp(788,150): warning C4267: 'argument': conversion from 'size_t' to 'int', possible loss of data
C:\Program Files\Microsoft Visual Studio\2022\Community\VC\Tools\MSVC\14.39.33519\include\xutility(4537,18): warning C4244: '=': conversion from 'wchar_t' to 'char', possible loss of data
  (compiling source file 'ngt.cpp')
  C:\Program Files\Microsoft Visual Studio\2022\Community\VC\Tools\MSVC\14.39.33519\include\xutility(4537,18):
  the template instantiation context (the oldest one first) is
  	C:\Users\Parker\Documents\GitHub\NGT\NGTScript\ngt.cpp(97,23):
  	see reference to function template instantiation 'std::basic_string<char,std::char_traits<char>,std::allocator<char>>::basic_string<std::_String_iterator<std::_String_val<std::_Simple_types<_Elem>>>,0>(_Iter,_Iter,const _Alloc &)' being compiled
          with
          [
              _Elem=wchar_t,
              _Iter=std::_String_iterator<std::_String_val<std::_Simple_types<wchar_t>>>,
              _Alloc=std::allocator<char>
          ]
  		C:\Users\Parker\Documents\GitHub\NGT\NGTScript\ngt.cpp(97,5):
  		see the first reference to 'std::basic_string<char,std::char_traits<char>,std::allocator<char>>::basic_string' in 'screen_reader_detect'
  	C:\Program Files\Microsoft Visual Studio\2022\Community\VC\Tools\MSVC\14.39.33519\include\xstring(2600,17):
  	see reference to function template instantiation 'void std::basic_string<char,std::char_traits<char>,std::allocator<char>>::_Construct_from_iter<wchar_t*,wchar_t*,_Size_type>(_Iter,const _Sent,_Size)' being compiled
          with
          [
              _Size_type=unsigned __int64,
              _Iter=wchar_t *,
              _Sent=wchar_t *,
              _Size=unsigned __int64
          ]
  	C:\Program Files\Microsoft Visual Studio\2022\Community\VC\Tools\MSVC\14.39.33519\include\xstring(2756,18):
  	see reference to function template instantiation '_OutIt *std::_Copy_n_unchecked4<wchar_t*,_Size,char*>(_InIt,_SizeTy,_OutIt)' being compiled
          with
          [
              _OutIt=char *,
              _Size=unsigned __int64,
              _InIt=wchar_t *,
              _SizeTy=unsigned __int64
          ]
  
  ngtreg.cpp
C:\Users\Parker\Documents\GitHub\NGT\NGTScript\sdl\SDL_messagebox.h(45,1): warning C4091: 'typedef ': ignored on left of '<unnamed-enum-SDL_MESSAGEBOX_ERROR>' when no variable is declared
  (compiling source file 'ngtreg.cpp')
  
  sound.cpp
C:\Users\Parker\Documents\GitHub\NGT\NGTScript\sdl\SDL_messagebox.h(45,1): warning C4091: 'typedef ': ignored on left of '<unnamed-enum-SDL_MESSAGEBOX_ERROR>' when no variable is declared
  (compiling source file 'sound.cpp')
  
C:\Users\Parker\Documents\GitHub\NGT\NGTScript\sound.cpp(1331,40): warning C4305: '=': truncation from 'double' to 'float'
C:\Users\Parker\Documents\GitHub\NGT\NGTScript\sound.cpp(1677,51): warning C4244: '=': conversion from 'ma_uint64' to 'float', possible loss of data
  tts_voice.cpp
     Creating library C:\Users\Parker\Documents\GitHub\NGT\NGTScript\x64\Release\NGTScript.lib and object C:\Users\Parker\Documents\GitHub\NGT\NGTScript\x64\Release\NGTScript.exp
  Generating code
  Not all modules are compiled with -Gy (function comdat), build without incremental LTCG.
C:\Users\Parker\Documents\GitHub\NGT\NGTScript\sound.cpp(1672): warning C4715: 'sound::is_paused': not all control paths return a value
C:\Users\Parker\Documents\GitHub\NGT\NGTScript\sound.cpp(1280): warning C4715: 'sound::stop': not all control paths return a value
C:\Users\Parker\Documents\GitHub\NGT\NGTScript\ngtreg.cpp(356): warning C4715: 'WndProc': not all control paths return a value
C:\Users\Parker\Documents\GitHub\NGT\NGTScript\ngt.cpp(617): warning C5082: second argument to 'va_start' is not the last named parameter
  Finished generating code
SDL2.lib(SDL_dynapi.obj) : warning LNK4099: PDB '' was not found with 'SDL2.lib(SDL_dynapi.obj)' or at ''; linking object as if no debug info
SDL2.lib(SDL_error.obj) : warning LNK4099: PDB '' was not found with 'SDL2.lib(SDL_error.obj)' or at ''; linking object as if no debug info
SDL2.lib(SDL_log.obj) : warning LNK4099: PDB '' was not found with 'SDL2.lib(SDL_log.obj)' or at ''; linking object as if no debug info
SDL2.lib(SDL_string.obj) : warning LNK4099: PDB '' was not found with 'SDL2.lib(SDL_string.obj)' or at ''; linking object as if no debug info
SDL2.lib(SDL_thread.obj) : warning LNK4099: PDB '' was not found with 'SDL2.lib(SDL_thread.obj)' or at ''; linking object as if no debug info
SDL2.lib(SDL_rwops.obj) : warning LNK4099: PDB '' was not found with 'SDL2.lib(SDL_rwops.obj)' or at ''; linking object as if no debug info
SDL2.lib(SDL_windowsevents.obj) : warning LNK4099: PDB '' was not found with 'SDL2.lib(SDL_windowsevents.obj)' or at ''; linking object as if no debug info
SDL2.lib(SDL_windowsvideo.obj) : warning LNK4099: PDB '' was not found with 'SDL2.lib(SDL_windowsvideo.obj)' or at ''; linking object as if no debug info
SDL2.lib(SDL_render_d3d.obj) : warning LNK4099: PDB '' was not found with 'SDL2.lib(SDL_render_d3d.obj)' or at ''; linking object as if no debug info
SDL2.lib(SDL.obj) : warning LNK4099: PDB '' was not found with 'SDL2.lib(SDL.obj)' or at ''; linking object as if no debug info
SDL2.lib(SDL_assert.obj) : warning LNK4099: PDB '' was not found with 'SDL2.lib(SDL_assert.obj)' or at ''; linking object as if no debug info
SDL2.lib(SDL_spinlock.obj) : warning LNK4099: PDB '' was not found with 'SDL2.lib(SDL_spinlock.obj)' or at ''; linking object as if no debug info
SDL2.lib(SDL_atomic.obj) : warning LNK4099: PDB '' was not found with 'SDL2.lib(SDL_atomic.obj)' or at ''; linking object as if no debug info
SDL2.lib(SDL_audio.obj) : warning LNK4099: PDB '' was not found with 'SDL2.lib(SDL_audio.obj)' or at ''; linking object as if no debug info
SDL2.lib(SDL_wave.obj) : warning LNK4099: PDB '' was not found with 'SDL2.lib(SDL_wave.obj)' or at ''; linking object as if no debug info
SDL2.lib(SDL_audiocvt.obj) : warning LNK4099: PDB '' was not found with 'SDL2.lib(SDL_audiocvt.obj)' or at ''; linking object as if no debug info
SDL2.lib(SDL_mixer.obj) : warning LNK4099: PDB '' was not found with 'SDL2.lib(SDL_mixer.obj)' or at ''; linking object as if no debug info
SDL2.lib(SDL_clipboard.obj) : warning LNK4099: PDB '' was not found with 'SDL2.lib(SDL_clipboard.obj)' or at ''; linking object as if no debug info
SDL2.lib(SDL_cpuinfo.obj) : warning LNK4099: PDB '' was not found with 'SDL2.lib(SDL_cpuinfo.obj)' or at ''; linking object as if no debug info
SDL2.lib(SDL_events.obj) : warning LNK4099: PDB '' was not found with 'SDL2.lib(SDL_events.obj)' or at ''; linking object as if no debug info
SDL2.lib(SDL_sysfilesystem.obj) : warning LNK4099: PDB '' was not found with 'SDL2.lib(SDL_sysfilesystem.obj)' or at ''; linking object as if no debug info
SDL2.lib(SDL_gamecontroller.obj) : warning LNK4099: PDB '' was not found with 'SDL2.lib(SDL_gamecontroller.obj)' or at ''; linking object as if no debug info
SDL2.lib(SDL_gesture.obj) : warning LNK4099: PDB '' was not found with 'SDL2.lib(SDL_gesture.obj)' or at ''; linking object as if no debug info
SDL2.lib(SDL_haptic.obj) : warning LNK4099: PDB '' was not found with 'SDL2.lib(SDL_haptic.obj)' or at ''; linking object as if no debug info
SDL2.lib(SDL_hints.obj) : warning LNK4099: PDB '' was not found with 'SDL2.lib(SDL_hints.obj)' or at ''; linking object as if no debug info
SDL2.lib(SDL_joystick.obj) : warning LNK4099: PDB '' was not found with 'SDL2.lib(SDL_joystick.obj)' or at ''; linking object as if no debug info
SDL2.lib(SDL_keyboard.obj) : warning LNK4099: PDB '' was not found with 'SDL2.lib(SDL_keyboard.obj)' or at ''; linking object as if no debug info
SDL2.lib(SDL_video.obj) : warning LNK4099: PDB '' was not found with 'SDL2.lib(SDL_video.obj)' or at ''; linking object as if no debug info
SDL2.lib(SDL_sysloadso.obj) : warning LNK4099: PDB '' was not found with 'SDL2.lib(SDL_sysloadso.obj)' or at ''; linking object as if no debug info
SDL2.lib(SDL_mouse.obj) : warning LNK4099: PDB '' was not found with 'SDL2.lib(SDL_mouse.obj)' or at ''; linking object as if no debug info
SDL2.lib(SDL_sysmutex.obj) : warning LNK4099: PDB '' was not found with 'SDL2.lib(SDL_sysmutex.obj)' or at ''; linking object as if no debug info
SDL2.lib(SDL_syssem.obj) : warning LNK4099: PDB '' was not found with 'SDL2.lib(SDL_syssem.obj)' or at ''; linking object as if no debug info
SDL2.lib(SDL_syscond_cv.obj) : warning LNK4099: PDB '' was not found with 'SDL2.lib(SDL_syscond_cv.obj)' or at ''; linking object as if no debug info
SDL2.lib(SDL_pixels.obj) : warning LNK4099: PDB '' was not found with 'SDL2.lib(SDL_pixels.obj)' or at ''; linking object as if no debug info
SDL2.lib(SDL_power.obj) : warning LNK4099: PDB '' was not found with 'SDL2.lib(SDL_power.obj)' or at ''; linking object as if no debug info
SDL2.lib(SDL_rect.obj) : warning LNK4099: PDB '' was not found with 'SDL2.lib(SDL_rect.obj)' or at ''; linking object as if no debug info
SDL2.lib(SDL_render.obj) : warning LNK4099: PDB '' was not found with 'SDL2.lib(SDL_render.obj)' or at ''; linking object as if no debug info
SDL2.lib(SDL_shape.obj) : warning LNK4099: PDB '' was not found with 'SDL2.lib(SDL_shape.obj)' or at ''; linking object as if no debug info
SDL2.lib(SDL_malloc.obj) : warning LNK4099: PDB '' was not found with 'SDL2.lib(SDL_malloc.obj)' or at ''; linking object as if no debug info
SDL2.lib(SDL_getenv.obj) : warning LNK4099: PDB '' was not found with 'SDL2.lib(SDL_getenv.obj)' or at ''; linking object as if no debug info
SDL2.lib(SDL_qsort.obj) : warning LNK4099: PDB '' was not found with 'SDL2.lib(SDL_qsort.obj)' or at ''; linking object as if no debug info
SDL2.lib(SDL_stdlib.obj) : warning LNK4099: PDB '' was not found with 'SDL2.lib(SDL_stdlib.obj)' or at ''; linking object as if no debug info
SDL2.lib(SDL_iconv.obj) : warning LNK4099: PDB '' was not found with 'SDL2.lib(SDL_iconv.obj)' or at ''; linking object as if no debug info
SDL2.lib(SDL_surface.obj) : warning LNK4099: PDB '' was not found with 'SDL2.lib(SDL_surface.obj)' or at ''; linking object as if no debug info
SDL2.lib(SDL_bmp.obj) : warning LNK4099: PDB '' was not found with 'SDL2.lib(SDL_bmp.obj)' or at ''; linking object as if no debug info
SDL2.lib(SDL_fillrect.obj) : warning LNK4099: PDB '' was not found with 'SDL2.lib(SDL_fillrect.obj)' or at ''; linking object as if no debug info
SDL2.lib(SDL_stretch.obj) : warning LNK4099: PDB '' was not found with 'SDL2.lib(SDL_stretch.obj)' or at ''; linking object as if no debug info
SDL2.lib(SDL_systhread.obj) : warning LNK4099: PDB '' was not found with 'SDL2.lib(SDL_systhread.obj)' or at ''; linking object as if no debug info
SDL2.lib(SDL_timer.obj) : warning LNK4099: PDB '' was not found with 'SDL2.lib(SDL_timer.obj)' or at ''; linking object as if no debug info
SDL2.lib(SDL_systimer.obj) : warning LNK4099: PDB '' was not found with 'SDL2.lib(SDL_systimer.obj)' or at ''; linking object as if no debug info
SDL2.lib(SDL_touch.obj) : warning LNK4099: PDB '' was not found with 'SDL2.lib(SDL_touch.obj)' or at ''; linking object as if no debug info
SDL2.lib(SDL_yuv.obj) : warning LNK4099: PDB '' was not found with 'SDL2.lib(SDL_yuv.obj)' or at ''; linking object as if no debug info
SDL2.lib(SDL_sensor.obj) : warning LNK4099: PDB '' was not found with 'SDL2.lib(SDL_sensor.obj)' or at ''; linking object as if no debug info
SDL2.lib(SDL_strtokr.obj) : warning LNK4099: PDB '' was not found with 'SDL2.lib(SDL_strtokr.obj)' or at ''; linking object as if no debug info
SDL2.lib(SDL_locale.obj) : warning LNK4099: PDB '' was not found with 'SDL2.lib(SDL_locale.obj)' or at ''; linking object as if no debug info
SDL2.lib(SDL_url.obj) : warning LNK4099: PDB '' was not found with 'SDL2.lib(SDL_url.obj)' or at ''; linking object as if no debug info
SDL2.lib(SDL_crc32.obj) : warning LNK4099: PDB '' was not found with 'SDL2.lib(SDL_crc32.obj)' or at ''; linking object as if no debug info
SDL2.lib(SDL_render_d3d11.obj) : warning LNK4099: PDB '' was not found with 'SDL2.lib(SDL_render_d3d11.obj)' or at ''; linking object as if no debug info
SDL2.lib(SDL_hidapi.obj) : warning LNK4099: PDB '' was not found with 'SDL2.lib(SDL_hidapi.obj)' or at ''; linking object as if no debug info
SDL2.lib(SDL_guid.obj) : warning LNK4099: PDB '' was not found with 'SDL2.lib(SDL_guid.obj)' or at ''; linking object as if no debug info
SDL2.lib(SDL_render_d3d12.obj) : warning LNK4099: PDB '' was not found with 'SDL2.lib(SDL_render_d3d12.obj)' or at ''; linking object as if no debug info
SDL2.lib(SDL_crc16.obj) : warning LNK4099: PDB '' was not found with 'SDL2.lib(SDL_crc16.obj)' or at ''; linking object as if no debug info
SDL2.lib(SDL_systls.obj) : warning LNK4099: PDB '' was not found with 'SDL2.lib(SDL_systls.obj)' or at ''; linking object as if no debug info
SDL2.lib(SDL_windows.obj) : warning LNK4099: PDB '' was not found with 'SDL2.lib(SDL_windows.obj)' or at ''; linking object as if no debug info
SDL2.lib(SDL_windowsclipboard.obj) : warning LNK4099: PDB '' was not found with 'SDL2.lib(SDL_windowsclipboard.obj)' or at ''; linking object as if no debug info
SDL2.lib(SDL_windowskeyboard.obj) : warning LNK4099: PDB '' was not found with 'SDL2.lib(SDL_windowskeyboard.obj)' or at ''; linking object as if no debug info
SDL2.lib(SDL_windowsmodes.obj) : warning LNK4099: PDB '' was not found with 'SDL2.lib(SDL_windowsmodes.obj)' or at ''; linking object as if no debug info
SDL2.lib(SDL_windowsmouse.obj) : warning LNK4099: PDB '' was not found with 'SDL2.lib(SDL_windowsmouse.obj)' or at ''; linking object as if no debug info
SDL2.lib(SDL_windowswindow.obj) : warning LNK4099: PDB '' was not found with 'SDL2.lib(SDL_windowswindow.obj)' or at ''; linking object as if no debug info
SDL2.lib(SDL_windowsshape.obj) : warning LNK4099: PDB '' was not found with 'SDL2.lib(SDL_windowsshape.obj)' or at ''; linking object as if no debug info
SDL2.lib(SDL_dropevents.obj) : warning LNK4099: PDB '' was not found with 'SDL2.lib(SDL_dropevents.obj)' or at ''; linking object as if no debug info
SDL2.lib(SDL_windowevents.obj) : warning LNK4099: PDB '' was not found with 'SDL2.lib(SDL_windowevents.obj)' or at ''; linking object as if no debug info
SDL2.lib(SDL_windowsopengl.obj) : warning LNK4099: PDB '' was not found with 'SDL2.lib(SDL_windowsopengl.obj)' or at ''; linking object as if no debug info
SDL2.lib(SDL_windowsframebuffer.obj) : warning LNK4099: PDB '' was not found with 'SDL2.lib(SDL_windowsframebuffer.obj)' or at ''; linking object as if no debug info
SDL2.lib(SDL_windowsvulkan.obj) : warning LNK4099: PDB '' was not found with 'SDL2.lib(SDL_windowsvulkan.obj)' or at ''; linking object as if no debug info
SDL2.lib(SDL_d3dmath.obj) : warning LNK4099: PDB '' was not found with 'SDL2.lib(SDL_d3dmath.obj)' or at ''; linking object as if no debug info
SDL2.lib(SDL_shaders_d3d.obj) : warning LNK4099: PDB '' was not found with 'SDL2.lib(SDL_shaders_d3d.obj)' or at ''; linking object as if no debug info
SDL2.lib(SDL_dataqueue.obj) : warning LNK4099: PDB '' was not found with 'SDL2.lib(SDL_dataqueue.obj)' or at ''; linking object as if no debug info
SDL2.lib(SDL_utils.obj) : warning LNK4099: PDB '' was not found with 'SDL2.lib(SDL_utils.obj)' or at ''; linking object as if no debug info
SDL2.lib(SDL_wasapi.obj) : warning LNK4099: PDB '' was not found with 'SDL2.lib(SDL_wasapi.obj)' or at ''; linking object as if no debug info
SDL2.lib(SDL_directsound.obj) : warning LNK4099: PDB '' was not found with 'SDL2.lib(SDL_directsound.obj)' or at ''; linking object as if no debug info
SDL2.lib(SDL_winmm.obj) : warning LNK4099: PDB '' was not found with 'SDL2.lib(SDL_winmm.obj)' or at ''; linking object as if no debug info
SDL2.lib(SDL_diskaudio.obj) : warning LNK4099: PDB '' was not found with 'SDL2.lib(SDL_diskaudio.obj)' or at ''; linking object as if no debug info
SDL2.lib(SDL_dummyaudio.obj) : warning LNK4099: PDB '' was not found with 'SDL2.lib(SDL_dummyaudio.obj)' or at ''; linking object as if no debug info
SDL2.lib(SDL_audiotypecvt.obj) : warning LNK4099: PDB '' was not found with 'SDL2.lib(SDL_audiotypecvt.obj)' or at ''; linking object as if no debug info
SDL2.lib(SDL_quit.obj) : warning LNK4099: PDB '' was not found with 'SDL2.lib(SDL_quit.obj)' or at ''; linking object as if no debug info
SDL2.lib(SDL_windowshaptic.obj) : warning LNK4099: PDB '' was not found with 'SDL2.lib(SDL_windowshaptic.obj)' or at ''; linking object as if no debug info
SDL2.lib(SDL_hidapijoystick.obj) : warning LNK4099: PDB '' was not found with 'SDL2.lib(SDL_hidapijoystick.obj)' or at ''; linking object as if no debug info
SDL2.lib(SDL_rawinputjoystick.obj) : warning LNK4099: PDB '' was not found with 'SDL2.lib(SDL_rawinputjoystick.obj)' or at ''; linking object as if no debug info
SDL2.lib(SDL_virtualjoystick.obj) : warning LNK4099: PDB '' was not found with 'SDL2.lib(SDL_virtualjoystick.obj)' or at ''; linking object as if no debug info
SDL2.lib(SDL_windows_gaming_input.obj) : warning LNK4099: PDB '' was not found with 'SDL2.lib(SDL_windows_gaming_input.obj)' or at ''; linking object as if no debug info
SDL2.lib(SDL_windowsjoystick.obj) : warning LNK4099: PDB '' was not found with 'SDL2.lib(SDL_windowsjoystick.obj)' or at ''; linking object as if no debug info
SDL2.lib(controller_type.obj) : warning LNK4099: PDB '' was not found with 'SDL2.lib(controller_type.obj)' or at ''; linking object as if no debug info
SDL2.lib(SDL_nullvideo.obj) : warning LNK4099: PDB '' was not found with 'SDL2.lib(SDL_nullvideo.obj)' or at ''; linking object as if no debug info
SDL2.lib(SDL_displayevents.obj) : warning LNK4099: PDB '' was not found with 'SDL2.lib(SDL_displayevents.obj)' or at ''; linking object as if no debug info
SDL2.lib(SDL_windowsmessagebox.obj) : warning LNK4099: PDB '' was not found with 'SDL2.lib(SDL_windowsmessagebox.obj)' or at ''; linking object as if no debug info
SDL2.lib(SDL_syscond.obj) : warning LNK4099: PDB '' was not found with 'SDL2.lib(SDL_syscond.obj)' or at ''; linking object as if no debug info
SDL2.lib(SDL_blit.obj) : warning LNK4099: PDB '' was not found with 'SDL2.lib(SDL_blit.obj)' or at ''; linking object as if no debug info
SDL2.lib(SDL_RLEaccel.obj) : warning LNK4099: PDB '' was not found with 'SDL2.lib(SDL_RLEaccel.obj)' or at ''; linking object as if no debug info
SDL2.lib(SDL_list.obj) : warning LNK4099: PDB '' was not found with 'SDL2.lib(SDL_list.obj)' or at ''; linking object as if no debug info
SDL2.lib(SDL_syspower.obj) : warning LNK4099: PDB '' was not found with 'SDL2.lib(SDL_syspower.obj)' or at ''; linking object as if no debug info
SDL2.lib(SDL_render_gl.obj) : warning LNK4099: PDB '' was not found with 'SDL2.lib(SDL_render_gl.obj)' or at ''; linking object as if no debug info
SDL2.lib(SDL_render_gles2.obj) : warning LNK4099: PDB '' was not found with 'SDL2.lib(SDL_render_gles2.obj)' or at ''; linking object as if no debug info
SDL2.lib(SDL_render_sw.obj) : warning LNK4099: PDB '' was not found with 'SDL2.lib(SDL_render_sw.obj)' or at ''; linking object as if no debug info
SDL2.lib(SDL_yuv_sw.obj) : warning LNK4099: PDB '' was not found with 'SDL2.lib(SDL_yuv_sw.obj)' or at ''; linking object as if no debug info
SDL2.lib(yuv_rgb.obj) : warning LNK4099: PDB '' was not found with 'SDL2.lib(yuv_rgb.obj)' or at ''; linking object as if no debug info
SDL2.lib(SDL_windowssensor.obj) : warning LNK4099: PDB '' was not found with 'SDL2.lib(SDL_windowssensor.obj)' or at ''; linking object as if no debug info
SDL2.lib(SDL_syslocale.obj) : warning LNK4099: PDB '' was not found with 'SDL2.lib(SDL_syslocale.obj)' or at ''; linking object as if no debug info
SDL2.lib(SDL_sysurl.obj) : warning LNK4099: PDB '' was not found with 'SDL2.lib(SDL_sysurl.obj)' or at ''; linking object as if no debug info
SDL2.lib(SDL_shaders_d3d11.obj) : warning LNK4099: PDB '' was not found with 'SDL2.lib(SDL_shaders_d3d11.obj)' or at ''; linking object as if no debug info
SDL2.lib(SDL_shaders_d3d12.obj) : warning LNK4099: PDB '' was not found with 'SDL2.lib(SDL_shaders_d3d12.obj)' or at ''; linking object as if no debug info
SDL2.lib(SDL_clipboardevents.obj) : warning LNK4099: PDB '' was not found with 'SDL2.lib(SDL_clipboardevents.obj)' or at ''; linking object as if no debug info
SDL2.lib(SDL_windowsopengles.obj) : warning LNK4099: PDB '' was not found with 'SDL2.lib(SDL_windowsopengles.obj)' or at ''; linking object as if no debug info
SDL2.lib(SDL_egl.obj) : warning LNK4099: PDB '' was not found with 'SDL2.lib(SDL_egl.obj)' or at ''; linking object as if no debug info
SDL2.lib(SDL_vulkan_utils.obj) : warning LNK4099: PDB '' was not found with 'SDL2.lib(SDL_vulkan_utils.obj)' or at ''; linking object as if no debug info
SDL2.lib(SDL_immdevice.obj) : warning LNK4099: PDB '' was not found with 'SDL2.lib(SDL_immdevice.obj)' or at ''; linking object as if no debug info
SDL2.lib(SDL_wasapi_win32.obj) : warning LNK4099: PDB '' was not found with 'SDL2.lib(SDL_wasapi_win32.obj)' or at ''; linking object as if no debug info
SDL2.lib(SDL_dinputhaptic.obj) : warning LNK4099: PDB '' was not found with 'SDL2.lib(SDL_dinputhaptic.obj)' or at ''; linking object as if no debug info
SDL2.lib(SDL_xinputhaptic.obj) : warning LNK4099: PDB '' was not found with 'SDL2.lib(SDL_xinputhaptic.obj)' or at ''; linking object as if no debug info
SDL2.lib(SDL_hidapi_gamecube.obj) : warning LNK4099: PDB '' was not found with 'SDL2.lib(SDL_hidapi_gamecube.obj)' or at ''; linking object as if no debug info
SDL2.lib(SDL_hidapi_switch.obj) : warning LNK4099: PDB '' was not found with 'SDL2.lib(SDL_hidapi_switch.obj)' or at ''; linking object as if no debug info
SDL2.lib(SDL_hidapi_luna.obj) : warning LNK4099: PDB '' was not found with 'SDL2.lib(SDL_hidapi_luna.obj)' or at ''; linking object as if no debug info
SDL2.lib(SDL_hidapi_ps3.obj) : warning LNK4099: PDB '' was not found with 'SDL2.lib(SDL_hidapi_ps3.obj)' or at ''; linking object as if no debug info
SDL2.lib(SDL_hidapi_ps4.obj) : warning LNK4099: PDB '' was not found with 'SDL2.lib(SDL_hidapi_ps4.obj)' or at ''; linking object as if no debug info
SDL2.lib(SDL_hidapi_ps5.obj) : warning LNK4099: PDB '' was not found with 'SDL2.lib(SDL_hidapi_ps5.obj)' or at ''; linking object as if no debug info
SDL2.lib(SDL_hidapi_shield.obj) : warning LNK4099: PDB '' was not found with 'SDL2.lib(SDL_hidapi_shield.obj)' or at ''; linking object as if no debug info
SDL2.lib(SDL_hidapi_stadia.obj) : warning LNK4099: PDB '' was not found with 'SDL2.lib(SDL_hidapi_stadia.obj)' or at ''; linking object as if no debug info
SDL2.lib(SDL_hidapi_steam.obj) : warning LNK4099: PDB '' was not found with 'SDL2.lib(SDL_hidapi_steam.obj)' or at ''; linking object as if no debug info
SDL2.lib(SDL_hidapi_wii.obj) : warning LNK4099: PDB '' was not found with 'SDL2.lib(SDL_hidapi_wii.obj)' or at ''; linking object as if no debug info
SDL2.lib(SDL_hidapi_xbox360.obj) : warning LNK4099: PDB '' was not found with 'SDL2.lib(SDL_hidapi_xbox360.obj)' or at ''; linking object as if no debug info
SDL2.lib(SDL_hidapi_xbox360w.obj) : warning LNK4099: PDB '' was not found with 'SDL2.lib(SDL_hidapi_xbox360w.obj)' or at ''; linking object as if no debug info
SDL2.lib(SDL_hidapi_xboxone.obj) : warning LNK4099: PDB '' was not found with 'SDL2.lib(SDL_hidapi_xboxone.obj)' or at ''; linking object as if no debug info
SDL2.lib(SDL_hidapi_rumble.obj) : warning LNK4099: PDB '' was not found with 'SDL2.lib(SDL_hidapi_rumble.obj)' or at ''; linking object as if no debug info
SDL2.lib(SDL_hidapi_combined.obj) : warning LNK4099: PDB '' was not found with 'SDL2.lib(SDL_hidapi_combined.obj)' or at ''; linking object as if no debug info
SDL2.lib(SDL_hid.obj) : warning LNK4099: PDB '' was not found with 'SDL2.lib(SDL_hid.obj)' or at ''; linking object as if no debug info
SDL2.lib(SDL_xinput.obj) : warning LNK4099: PDB '' was not found with 'SDL2.lib(SDL_xinput.obj)' or at ''; linking object as if no debug info
SDL2.lib(SDL_xinputjoystick.obj) : warning LNK4099: PDB '' was not found with 'SDL2.lib(SDL_xinputjoystick.obj)' or at ''; linking object as if no debug info
SDL2.lib(SDL_dinputjoystick.obj) : warning LNK4099: PDB '' was not found with 'SDL2.lib(SDL_dinputjoystick.obj)' or at ''; linking object as if no debug info
SDL2.lib(SDL_nullevents.obj) : warning LNK4099: PDB '' was not found with 'SDL2.lib(SDL_nullevents.obj)' or at ''; linking object as if no debug info
SDL2.lib(SDL_nullframebuffer.obj) : warning LNK4099: PDB '' was not found with 'SDL2.lib(SDL_nullframebuffer.obj)' or at ''; linking object as if no debug info
SDL2.lib(SDL_blit_0.obj) : warning LNK4099: PDB '' was not found with 'SDL2.lib(SDL_blit_0.obj)' or at ''; linking object as if no debug info
SDL2.lib(SDL_blit_1.obj) : warning LNK4099: PDB '' was not found with 'SDL2.lib(SDL_blit_1.obj)' or at ''; linking object as if no debug info
SDL2.lib(SDL_blit_N.obj) : warning LNK4099: PDB '' was not found with 'SDL2.lib(SDL_blit_N.obj)' or at ''; linking object as if no debug info
SDL2.lib(SDL_blit_A.obj) : warning LNK4099: PDB '' was not found with 'SDL2.lib(SDL_blit_A.obj)' or at ''; linking object as if no debug info
SDL2.lib(SDL_blit_copy.obj) : warning LNK4099: PDB '' was not found with 'SDL2.lib(SDL_blit_copy.obj)' or at ''; linking object as if no debug info
SDL2.lib(SDL_blit_slow.obj) : warning LNK4099: PDB '' was not found with 'SDL2.lib(SDL_blit_slow.obj)' or at ''; linking object as if no debug info
SDL2.lib(SDL_blit_auto.obj) : warning LNK4099: PDB '' was not found with 'SDL2.lib(SDL_blit_auto.obj)' or at ''; linking object as if no debug info
SDL2.lib(SDL_shaders_gl.obj) : warning LNK4099: PDB '' was not found with 'SDL2.lib(SDL_shaders_gl.obj)' or at ''; linking object as if no debug info
SDL2.lib(SDL_shaders_gles2.obj) : warning LNK4099: PDB '' was not found with 'SDL2.lib(SDL_shaders_gles2.obj)' or at ''; linking object as if no debug info
SDL2.lib(SDL_blendfillrect.obj) : warning LNK4099: PDB '' was not found with 'SDL2.lib(SDL_blendfillrect.obj)' or at ''; linking object as if no debug info
SDL2.lib(SDL_blendline.obj) : warning LNK4099: PDB '' was not found with 'SDL2.lib(SDL_blendline.obj)' or at ''; linking object as if no debug info
SDL2.lib(SDL_blendpoint.obj) : warning LNK4099: PDB '' was not found with 'SDL2.lib(SDL_blendpoint.obj)' or at ''; linking object as if no debug info
SDL2.lib(SDL_drawline.obj) : warning LNK4099: PDB '' was not found with 'SDL2.lib(SDL_drawline.obj)' or at ''; linking object as if no debug info
SDL2.lib(SDL_drawpoint.obj) : warning LNK4099: PDB '' was not found with 'SDL2.lib(SDL_drawpoint.obj)' or at ''; linking object as if no debug info
SDL2.lib(SDL_rotate.obj) : warning LNK4099: PDB '' was not found with 'SDL2.lib(SDL_rotate.obj)' or at ''; linking object as if no debug info
SDL2.lib(SDL_triangle.obj) : warning LNK4099: PDB '' was not found with 'SDL2.lib(SDL_triangle.obj)' or at ''; linking object as if no debug info
libcurl.lib(easy.obj) : warning LNK4099: PDB '' was not found with 'libcurl.lib(easy.obj)' or at ''; linking object as if no debug info
libcurl.lib(setopt.obj) : warning LNK4099: PDB '' was not found with 'libcurl.lib(setopt.obj)' or at ''; linking object as if no debug info
libcurl.lib(strdup.obj) : warning LNK4099: PDB '' was not found with 'libcurl.lib(strdup.obj)' or at ''; linking object as if no debug info
libcurl.lib(multi.obj) : warning LNK4099: PDB '' was not found with 'libcurl.lib(multi.obj)' or at ''; linking object as if no debug info
libcurl.lib(cookie.obj) : warning LNK4099: PDB '' was not found with 'libcurl.lib(cookie.obj)' or at ''; linking object as if no debug info
libcurl.lib(timeval.obj) : warning LNK4099: PDB '' was not found with 'libcurl.lib(timeval.obj)' or at ''; linking object as if no debug info
libcurl.lib(dynbuf.obj) : warning LNK4099: PDB '' was not found with 'libcurl.lib(dynbuf.obj)' or at ''; linking object as if no debug info
libcurl.lib(asyn-thread.obj) : warning LNK4099: PDB '' was not found with 'libcurl.lib(asyn-thread.obj)' or at ''; linking object as if no debug info
libcurl.lib(mime.obj) : warning LNK4099: PDB '' was not found with 'libcurl.lib(mime.obj)' or at ''; linking object as if no debug info
libcurl.lib(conncache.obj) : warning LNK4099: PDB '' was not found with 'libcurl.lib(conncache.obj)' or at ''; linking object as if no debug info
libcurl.lib(vtls.obj) : warning LNK4099: PDB '' was not found with 'libcurl.lib(vtls.obj)' or at ''; linking object as if no debug info
libcurl.lib(url.obj) : warning LNK4099: PDB '' was not found with 'libcurl.lib(url.obj)' or at ''; linking object as if no debug info
libcurl.lib(getinfo.obj) : warning LNK4099: PDB '' was not found with 'libcurl.lib(getinfo.obj)' or at ''; linking object as if no debug info
libcurl.lib(cfilters.obj) : warning LNK4099: PDB '' was not found with 'libcurl.lib(cfilters.obj)' or at ''; linking object as if no debug info
libcurl.lib(curl_trc.obj) : warning LNK4099: PDB '' was not found with 'libcurl.lib(curl_trc.obj)' or at ''; linking object as if no debug info
libcurl.lib(sendf.obj) : warning LNK4099: PDB '' was not found with 'libcurl.lib(sendf.obj)' or at ''; linking object as if no debug info
libcurl.lib(connect.obj) : warning LNK4099: PDB '' was not found with 'libcurl.lib(connect.obj)' or at ''; linking object as if no debug info
libcurl.lib(slist.obj) : warning LNK4099: PDB '' was not found with 'libcurl.lib(slist.obj)' or at ''; linking object as if no debug info
libcurl.lib(warnless.obj) : warning LNK4099: PDB '' was not found with 'libcurl.lib(warnless.obj)' or at ''; linking object as if no debug info
libcurl.lib(http_digest.obj) : warning LNK4099: PDB '' was not found with 'libcurl.lib(http_digest.obj)' or at ''; linking object as if no debug info
libcurl.lib(system_win32.obj) : warning LNK4099: PDB '' was not found with 'libcurl.lib(system_win32.obj)' or at ''; linking object as if no debug info
libcurl.lib(altsvc.obj) : warning LNK4099: PDB '' was not found with 'libcurl.lib(altsvc.obj)' or at ''; linking object as if no debug info
libcurl.lib(hsts.obj) : warning LNK4099: PDB '' was not found with 'libcurl.lib(hsts.obj)' or at ''; linking object as if no debug info
libcurl.lib(strcase.obj) : warning LNK4099: PDB '' was not found with 'libcurl.lib(strcase.obj)' or at ''; linking object as if no debug info
libcurl.lib(content_encoding.obj) : warning LNK4099: PDB '' was not found with 'libcurl.lib(content_encoding.obj)' or at ''; linking object as if no debug info
libcurl.lib(share.obj) : warning LNK4099: PDB '' was not found with 'libcurl.lib(share.obj)' or at ''; linking object as if no debug info
libcurl.lib(mprintf.obj) : warning LNK4099: PDB '' was not found with 'libcurl.lib(mprintf.obj)' or at ''; linking object as if no debug info
libcurl.lib(llist.obj) : warning LNK4099: PDB '' was not found with 'libcurl.lib(llist.obj)' or at ''; linking object as if no debug info
libcurl.lib(hash.obj) : warning LNK4099: PDB '' was not found with 'libcurl.lib(hash.obj)' or at ''; linking object as if no debug info
libcurl.lib(hostip.obj) : warning LNK4099: PDB '' was not found with 'libcurl.lib(hostip.obj)' or at ''; linking object as if no debug info
libcurl.lib(splay.obj) : warning LNK4099: PDB '' was not found with 'libcurl.lib(splay.obj)' or at ''; linking object as if no debug info
libcurl.lib(http.obj) : warning LNK4099: PDB '' was not found with 'libcurl.lib(http.obj)' or at ''; linking object as if no debug info
libcurl.lib(ftplistparser.obj) : warning LNK4099: PDB '' was not found with 'libcurl.lib(ftplistparser.obj)' or at ''; linking object as if no debug info
libcurl.lib(transfer.obj) : warning LNK4099: PDB '' was not found with 'libcurl.lib(transfer.obj)' or at ''; linking object as if no debug info
libcurl.lib(progress.obj) : warning LNK4099: PDB '' was not found with 'libcurl.lib(progress.obj)' or at ''; linking object as if no debug info
libcurl.lib(select.obj) : warning LNK4099: PDB '' was not found with 'libcurl.lib(select.obj)' or at ''; linking object as if no debug info
libcurl.lib(speedcheck.obj) : warning LNK4099: PDB '' was not found with 'libcurl.lib(speedcheck.obj)' or at ''; linking object as if no debug info
libcurl.lib(curl_multibyte.obj) : warning LNK4099: PDB '' was not found with 'libcurl.lib(curl_multibyte.obj)' or at ''; linking object as if no debug info
libcurl.lib(strerror.obj) : warning LNK4099: PDB '' was not found with 'libcurl.lib(strerror.obj)' or at ''; linking object as if no debug info
libcurl.lib(strtok.obj) : warning LNK4099: PDB '' was not found with 'libcurl.lib(strtok.obj)' or at ''; linking object as if no debug info
libcurl.lib(strtoofft.obj) : warning LNK4099: PDB '' was not found with 'libcurl.lib(strtoofft.obj)' or at ''; linking object as if no debug info
libcurl.lib(curl_get_line.obj) : warning LNK4099: PDB '' was not found with 'libcurl.lib(curl_get_line.obj)' or at ''; linking object as if no debug info
libcurl.lib(curl_memrchr.obj) : warning LNK4099: PDB '' was not found with 'libcurl.lib(curl_memrchr.obj)' or at ''; linking object as if no debug info
libcurl.lib(parsedate.obj) : warning LNK4099: PDB '' was not found with 'libcurl.lib(parsedate.obj)' or at ''; linking object as if no debug info
libcurl.lib(rename.obj) : warning LNK4099: PDB '' was not found with 'libcurl.lib(rename.obj)' or at ''; linking object as if no debug info
libcurl.lib(fopen.obj) : warning LNK4099: PDB '' was not found with 'libcurl.lib(fopen.obj)' or at ''; linking object as if no debug info
libcurl.lib(socketpair.obj) : warning LNK4099: PDB '' was not found with 'libcurl.lib(socketpair.obj)' or at ''; linking object as if no debug info
libcurl.lib(curl_addrinfo.obj) : warning LNK4099: PDB '' was not found with 'libcurl.lib(curl_addrinfo.obj)' or at ''; linking object as if no debug info
libcurl.lib(hostasyn.obj) : warning LNK4099: PDB '' was not found with 'libcurl.lib(hostasyn.obj)' or at ''; linking object as if no debug info
libcurl.lib(curl_threads.obj) : warning LNK4099: PDB '' was not found with 'libcurl.lib(curl_threads.obj)' or at ''; linking object as if no debug info
libcurl.lib(rand.obj) : warning LNK4099: PDB '' was not found with 'libcurl.lib(rand.obj)' or at ''; linking object as if no debug info
libcurl.lib(getenv.obj) : warning LNK4099: PDB '' was not found with 'libcurl.lib(getenv.obj)' or at ''; linking object as if no debug info
libcurl.lib(urlapi.obj) : warning LNK4099: PDB '' was not found with 'libcurl.lib(urlapi.obj)' or at ''; linking object as if no debug info
libcurl.lib(netrc.obj) : warning LNK4099: PDB '' was not found with 'libcurl.lib(netrc.obj)' or at ''; linking object as if no debug info
libcurl.lib(escape.obj) : warning LNK4099: PDB '' was not found with 'libcurl.lib(escape.obj)' or at ''; linking object as if no debug info
libcurl.lib(noproxy.obj) : warning LNK4099: PDB '' was not found with 'libcurl.lib(noproxy.obj)' or at ''; linking object as if no debug info
libcurl.lib(idn.obj) : warning LNK4099: PDB '' was not found with 'libcurl.lib(idn.obj)' or at ''; linking object as if no debug info
libcurl.lib(http_ntlm.obj) : warning LNK4099: PDB '' was not found with 'libcurl.lib(http_ntlm.obj)' or at ''; linking object as if no debug info
libcurl.lib(headers.obj) : warning LNK4099: PDB '' was not found with 'libcurl.lib(headers.obj)' or at ''; linking object as if no debug info
libcurl.lib(imap.obj) : warning LNK4099: PDB '' was not found with 'libcurl.lib(imap.obj)' or at ''; linking object as if no debug info
libcurl.lib(pop3.obj) : warning LNK4099: PDB '' was not found with 'libcurl.lib(pop3.obj)' or at ''; linking object as if no debug info
libcurl.lib(smtp.obj) : warning LNK4099: PDB '' was not found with 'libcurl.lib(smtp.obj)' or at ''; linking object as if no debug info
libcurl.lib(ftp.obj) : warning LNK4099: PDB '' was not found with 'libcurl.lib(ftp.obj)' or at ''; linking object as if no debug info
libcurl.lib(file.obj) : warning LNK4099: PDB '' was not found with 'libcurl.lib(file.obj)' or at ''; linking object as if no debug info
libcurl.lib(rtsp.obj) : warning LNK4099: PDB '' was not found with 'libcurl.lib(rtsp.obj)' or at ''; linking object as if no debug info
libcurl.lib(smb.obj) : warning LNK4099: PDB '' was not found with 'libcurl.lib(smb.obj)' or at ''; linking object as if no debug info
libcurl.lib(mqtt.obj) : warning LNK4099: PDB '' was not found with 'libcurl.lib(mqtt.obj)' or at ''; linking object as if no debug info
libcurl.lib(dict.obj) : warning LNK4099: PDB '' was not found with 'libcurl.lib(dict.obj)' or at ''; linking object as if no debug info
libcurl.lib(telnet.obj) : warning LNK4099: PDB '' was not found with 'libcurl.lib(telnet.obj)' or at ''; linking object as if no debug info
libcurl.lib(tftp.obj) : warning LNK4099: PDB '' was not found with 'libcurl.lib(tftp.obj)' or at ''; linking object as if no debug info
libcurl.lib(ldap.obj) : warning LNK4099: PDB '' was not found with 'libcurl.lib(ldap.obj)' or at ''; linking object as if no debug info
libcurl.lib(gopher.obj) : warning LNK4099: PDB '' was not found with 'libcurl.lib(gopher.obj)' or at ''; linking object as if no debug info
libcurl.lib(cf-socket.obj) : warning LNK4099: PDB '' was not found with 'libcurl.lib(cf-socket.obj)' or at ''; linking object as if no debug info
libcurl.lib(http_proxy.obj) : warning LNK4099: PDB '' was not found with 'libcurl.lib(http_proxy.obj)' or at ''; linking object as if no debug info
libcurl.lib(cf-h1-proxy.obj) : warning LNK4099: PDB '' was not found with 'libcurl.lib(cf-h1-proxy.obj)' or at ''; linking object as if no debug info
libcurl.lib(cf-haproxy.obj) : warning LNK4099: PDB '' was not found with 'libcurl.lib(cf-haproxy.obj)' or at ''; linking object as if no debug info
libcurl.lib(cf-https-connect.obj) : warning LNK4099: PDB '' was not found with 'libcurl.lib(cf-https-connect.obj)' or at ''; linking object as if no debug info
libcurl.lib(socks.obj) : warning LNK4099: PDB '' was not found with 'libcurl.lib(socks.obj)' or at ''; linking object as if no debug info
libcurl.lib(inet_ntop.obj) : warning LNK4099: PDB '' was not found with 'libcurl.lib(inet_ntop.obj)' or at ''; linking object as if no debug info
libcurl.lib(digest.obj) : warning LNK4099: PDB '' was not found with 'libcurl.lib(digest.obj)' or at ''; linking object as if no debug info
libcurl.lib(version_win32.obj) : warning LNK4099: PDB '' was not found with 'libcurl.lib(version_win32.obj)' or at ''; linking object as if no debug info
libcurl.lib(inet_pton.obj) : warning LNK4099: PDB '' was not found with 'libcurl.lib(inet_pton.obj)' or at ''; linking object as if no debug info
libcurl.lib(http_chunks.obj) : warning LNK4099: PDB '' was not found with 'libcurl.lib(http_chunks.obj)' or at ''; linking object as if no debug info
libcurl.lib(hostip6.obj) : warning LNK4099: PDB '' was not found with 'libcurl.lib(hostip6.obj)' or at ''; linking object as if no debug info
libcurl.lib(doh.obj) : warning LNK4099: PDB '' was not found with 'libcurl.lib(doh.obj)' or at ''; linking object as if no debug info
libcurl.lib(formdata.obj) : warning LNK4099: PDB '' was not found with 'libcurl.lib(formdata.obj)' or at ''; linking object as if no debug info
libcurl.lib(dynhds.obj) : warning LNK4099: PDB '' was not found with 'libcurl.lib(dynhds.obj)' or at ''; linking object as if no debug info
libcurl.lib(base64.obj) : warning LNK4099: PDB '' was not found with 'libcurl.lib(base64.obj)' or at ''; linking object as if no debug info
libcurl.lib(vauth.obj) : warning LNK4099: PDB '' was not found with 'libcurl.lib(vauth.obj)' or at ''; linking object as if no debug info
libcurl.lib(ntlm.obj) : warning LNK4099: PDB '' was not found with 'libcurl.lib(ntlm.obj)' or at ''; linking object as if no debug info
libcurl.lib(vquic.obj) : warning LNK4099: PDB '' was not found with 'libcurl.lib(vquic.obj)' or at ''; linking object as if no debug info
libcurl.lib(http_aws_sigv4.obj) : warning LNK4099: PDB '' was not found with 'libcurl.lib(http_aws_sigv4.obj)' or at ''; linking object as if no debug info
libcurl.lib(fileinfo.obj) : warning LNK4099: PDB '' was not found with 'libcurl.lib(fileinfo.obj)' or at ''; linking object as if no debug info
libcurl.lib(curl_fnmatch.obj) : warning LNK4099: PDB '' was not found with 'libcurl.lib(curl_fnmatch.obj)' or at ''; linking object as if no debug info
libcurl.lib(timediff.obj) : warning LNK4099: PDB '' was not found with 'libcurl.lib(timediff.obj)' or at ''; linking object as if no debug info
libcurl.lib(nonblock.obj) : warning LNK4099: PDB '' was not found with 'libcurl.lib(nonblock.obj)' or at ''; linking object as if no debug info
libcurl.lib(bufref.obj) : warning LNK4099: PDB '' was not found with 'libcurl.lib(bufref.obj)' or at ''; linking object as if no debug info
libcurl.lib(pingpong.obj) : warning LNK4099: PDB '' was not found with 'libcurl.lib(pingpong.obj)' or at ''; linking object as if no debug info
libcurl.lib(curl_sasl.obj) : warning LNK4099: PDB '' was not found with 'libcurl.lib(curl_sasl.obj)' or at ''; linking object as if no debug info
libcurl.lib(md5.obj) : warning LNK4099: PDB '' was not found with 'libcurl.lib(md5.obj)' or at ''; linking object as if no debug info
libcurl.lib(curl_gethostname.obj) : warning LNK4099: PDB '' was not found with 'libcurl.lib(curl_gethostname.obj)' or at ''; linking object as if no debug info
libcurl.lib(if2ip.obj) : warning LNK4099: PDB '' was not found with 'libcurl.lib(if2ip.obj)' or at ''; linking object as if no debug info
libcurl.lib(curl_range.obj) : warning LNK4099: PDB '' was not found with 'libcurl.lib(curl_range.obj)' or at ''; linking object as if no debug info
libcurl.lib(curl_ntlm_core.obj) : warning LNK4099: PDB '' was not found with 'libcurl.lib(curl_ntlm_core.obj)' or at ''; linking object as if no debug info
libcurl.lib(curl_endian.obj) : warning LNK4099: PDB '' was not found with 'libcurl.lib(curl_endian.obj)' or at ''; linking object as if no debug info
libcurl.lib(bufq.obj) : warning LNK4099: PDB '' was not found with 'libcurl.lib(bufq.obj)' or at ''; linking object as if no debug info
libcurl.lib(http1.obj) : warning LNK4099: PDB '' was not found with 'libcurl.lib(http1.obj)' or at ''; linking object as if no debug info
libcurl.lib(sha256.obj) : warning LNK4099: PDB '' was not found with 'libcurl.lib(sha256.obj)' or at ''; linking object as if no debug info
libcurl.lib(hmac.obj) : warning LNK4099: PDB '' was not found with 'libcurl.lib(hmac.obj)' or at ''; linking object as if no debug info
libcurl.lib(cleartext.obj) : warning LNK4099: PDB '' was not found with 'libcurl.lib(cleartext.obj)' or at ''; linking object as if no debug info
libcurl.lib(cram.obj) : warning LNK4099: PDB '' was not found with 'libcurl.lib(cram.obj)' or at ''; linking object as if no debug info
libcurl.lib(oauth2.obj) : warning LNK4099: PDB '' was not found with 'libcurl.lib(oauth2.obj)' or at ''; linking object as if no debug info
libcurl.lib(curl_des.obj) : warning LNK4099: PDB '' was not found with 'libcurl.lib(curl_des.obj)' or at ''; linking object as if no debug info
libcurl.lib(md4.obj) : warning LNK4099: PDB '' was not found with 'libcurl.lib(md4.obj)' or at ''; linking object as if no debug info
angelscript64.lib(as_scriptengine.obj) : warning LNK4099: PDB '' was not found with 'angelscript64.lib(as_scriptengine.obj)' or at ''; linking object as if no debug info
angelscript64.lib(as_context.obj) : warning LNK4099: PDB '' was not found with 'angelscript64.lib(as_context.obj)' or at ''; linking object as if no debug info
angelscript64.lib(as_atomic.obj) : warning LNK4099: PDB '' was not found with 'angelscript64.lib(as_atomic.obj)' or at ''; linking object as if no debug info
angelscript64.lib(as_memory.obj) : warning LNK4099: PDB '' was not found with 'angelscript64.lib(as_memory.obj)' or at ''; linking object as if no debug info
angelscript64.lib(as_thread.obj) : warning LNK4099: PDB '' was not found with 'angelscript64.lib(as_thread.obj)' or at ''; linking object as if no debug info
angelscript64.lib(as_typeinfo.obj) : warning LNK4099: PDB '' was not found with 'angelscript64.lib(as_typeinfo.obj)' or at ''; linking object as if no debug info
angelscript64.lib(as_callfunc.obj) : warning LNK4099: PDB '' was not found with 'angelscript64.lib(as_callfunc.obj)' or at ''; linking object as if no debug info
angelscript64.lib(as_string.obj) : warning LNK4099: PDB '' was not found with 'angelscript64.lib(as_string.obj)' or at ''; linking object as if no debug info
angelscript64.lib(as_scriptobject.obj) : warning LNK4099: PDB '' was not found with 'angelscript64.lib(as_scriptobject.obj)' or at ''; linking object as if no debug info
angelscript64.lib(as_builder.obj) : warning LNK4099: PDB '' was not found with 'angelscript64.lib(as_builder.obj)' or at ''; linking object as if no debug info
angelscript64.lib(as_globalproperty.obj) : warning LNK4099: PDB '' was not found with 'angelscript64.lib(as_globalproperty.obj)' or at ''; linking object as if no debug info
angelscript64.lib(as_module.obj) : warning LNK4099: PDB '' was not found with 'angelscript64.lib(as_module.obj)' or at ''; linking object as if no debug info
angelscript64.lib(as_tokenizer.obj) : warning LNK4099: PDB '' was not found with 'angelscript64.lib(as_tokenizer.obj)' or at ''; linking object as if no debug info
angelscript64.lib(as_objecttype.obj) : warning LNK4099: PDB '' was not found with 'angelscript64.lib(as_objecttype.obj)' or at ''; linking object as if no debug info
angelscript64.lib(as_generic.obj) : warning LNK4099: PDB '' was not found with 'angelscript64.lib(as_generic.obj)' or at ''; linking object as if no debug info
angelscript64.lib(as_scriptfunction.obj) : warning LNK4099: PDB '' was not found with 'angelscript64.lib(as_scriptfunction.obj)' or at ''; linking object as if no debug info
angelscript64.lib(as_configgroup.obj) : warning LNK4099: PDB '' was not found with 'angelscript64.lib(as_configgroup.obj)' or at ''; linking object as if no debug info
angelscript64.lib(as_gc.obj) : warning LNK4099: PDB '' was not found with 'angelscript64.lib(as_gc.obj)' or at ''; linking object as if no debug info
angelscript64.lib(as_datatype.obj) : warning LNK4099: PDB '' was not found with 'angelscript64.lib(as_datatype.obj)' or at ''; linking object as if no debug info
angelscript64.lib(as_scriptnode.obj) : warning LNK4099: PDB '' was not found with 'angelscript64.lib(as_scriptnode.obj)' or at ''; linking object as if no debug info
angelscript64.lib(as_callfunc_x64_msvc.obj) : warning LNK4099: PDB '' was not found with 'angelscript64.lib(as_callfunc_x64_msvc.obj)' or at ''; linking object as if no debug info
angelscript64.lib(as_string_util.obj) : warning LNK4099: PDB '' was not found with 'angelscript64.lib(as_string_util.obj)' or at ''; linking object as if no debug info
angelscript64.lib(as_parser.obj) : warning LNK4099: PDB '' was not found with 'angelscript64.lib(as_parser.obj)' or at ''; linking object as if no debug info
angelscript64.lib(as_compiler.obj) : warning LNK4099: PDB '' was not found with 'angelscript64.lib(as_compiler.obj)' or at ''; linking object as if no debug info
angelscript64.lib(as_outputbuffer.obj) : warning LNK4099: PDB '' was not found with 'angelscript64.lib(as_outputbuffer.obj)' or at ''; linking object as if no debug info
angelscript64.lib(as_bytecode.obj) : warning LNK4099: PDB '' was not found with 'angelscript64.lib(as_bytecode.obj)' or at ''; linking object as if no debug info
angelscript64.lib(as_scriptcode.obj) : warning LNK4099: PDB '' was not found with 'angelscript64.lib(as_scriptcode.obj)' or at ''; linking object as if no debug info
angelscript64.lib(as_restore.obj) : warning LNK4099: PDB '' was not found with 'angelscript64.lib(as_restore.obj)' or at ''; linking object as if no debug info
angelscript64.lib(as_variablescope.obj) : warning LNK4099: PDB '' was not found with 'angelscript64.lib(as_variablescope.obj)' or at ''; linking object as if no debug info
  NGTScript.vcxproj -> C:\Users\Parker\Documents\GitHub\NGT\NGTScript\x64\Release\NGTScript.exe
